{"G:\\code_paradise\\git\\trie\\src\\tree.js": {"path":"G:\\code_paradise\\git\\trie\\src\\tree.js","statementMap":{"0":{"start":{"line":3,"column":4},"end":{"line":3,"column":20}},"1":{"start":{"line":4,"column":4},"end":{"line":4,"column":39}},"2":{"start":{"line":8,"column":4},"end":{"line":8,"column":37}},"3":{"start":{"line":12,"column":4},"end":{"line":12,"column":34}},"4":{"start":{"line":16,"column":4},"end":{"line":16,"column":41}},"5":{"start":{"line":20,"column":4},"end":{"line":22,"column":5}},"6":{"start":{"line":21,"column":6},"end":{"line":21,"column":34}},"7":{"start":{"line":24,"column":4},"end":{"line":24,"column":42}},"8":{"start":{"line":28,"column":4},"end":{"line":28,"column":42}},"9":{"start":{"line":32,"column":17},"end":{"line":32,"column":33}},"10":{"start":{"line":33,"column":12},"end":{"line":33,"column":23}},"11":{"start":{"line":35,"column":4},"end":{"line":39,"column":5}},"12":{"start":{"line":36,"column":19},"end":{"line":36,"column":26}},"13":{"start":{"line":37,"column":27},"end":{"line":37,"column":46}},"14":{"start":{"line":38,"column":6},"end":{"line":38,"column":63}},"15":{"start":{"line":38,"column":44},"end":{"line":38,"column":63}},"16":{"start":{"line":41,"column":4},"end":{"line":41,"column":15}},"17":{"start":{"line":45,"column":4},"end":{"line":45,"column":26}},"18":{"start":{"line":45,"column":15},"end":{"line":45,"column":26}},"19":{"start":{"line":47,"column":4},"end":{"line":50,"column":5}},"20":{"start":{"line":48,"column":6},"end":{"line":48,"column":32}},"21":{"start":{"line":49,"column":6},"end":{"line":49,"column":17}},"22":{"start":{"line":52,"column":4},"end":{"line":52,"column":30}},"23":{"start":{"line":56,"column":4},"end":{"line":56,"column":16}},"24":{"start":{"line":60,"column":4},"end":{"line":60,"column":16}},"25":{"start":{"line":64,"column":4},"end":{"line":64,"column":16}},"26":{"start":{"line":70,"column":4},"end":{"line":70,"column":15}},"27":{"start":{"line":74,"column":4},"end":{"line":74,"column":16}},"28":{"start":{"line":78,"column":4},"end":{"line":78,"column":15}},"29":{"start":{"line":82,"column":4},"end":{"line":82,"column":16}},"30":{"start":{"line":86,"column":4},"end":{"line":86,"column":15}},"31":{"start":{"line":92,"column":4},"end":{"line":92,"column":15}},"32":{"start":{"line":98,"column":4},"end":{"line":98,"column":15}},"33":{"start":{"line":102,"column":4},"end":{"line":102,"column":15}},"34":{"start":{"line":106,"column":4},"end":{"line":106,"column":16}}},"fnMap":{"0":{"name":"(anonymous_0)","decl":{"start":{"line":2,"column":2},"end":{"line":2,"column":3}},"loc":{"start":{"line":2,"column":21},"end":{"line":5,"column":3}},"line":2},"1":{"name":"(anonymous_1)","decl":{"start":{"line":7,"column":2},"end":{"line":7,"column":3}},"loc":{"start":{"line":7,"column":15},"end":{"line":9,"column":3}},"line":7},"2":{"name":"(anonymous_2)","decl":{"start":{"line":11,"column":2},"end":{"line":11,"column":3}},"loc":{"start":{"line":11,"column":16},"end":{"line":13,"column":3}},"line":11},"3":{"name":"(anonymous_3)","decl":{"start":{"line":15,"column":2},"end":{"line":15,"column":3}},"loc":{"start":{"line":15,"column":21},"end":{"line":17,"column":3}},"line":15},"4":{"name":"(anonymous_4)","decl":{"start":{"line":19,"column":2},"end":{"line":19,"column":3}},"loc":{"start":{"line":19,"column":21},"end":{"line":25,"column":3}},"line":19},"5":{"name":"(anonymous_5)","decl":{"start":{"line":27,"column":2},"end":{"line":27,"column":3}},"loc":{"start":{"line":27,"column":24},"end":{"line":29,"column":3}},"line":27},"6":{"name":"(anonymous_6)","decl":{"start":{"line":31,"column":2},"end":{"line":31,"column":3}},"loc":{"start":{"line":31,"column":31},"end":{"line":42,"column":3}},"line":31},"7":{"name":"(anonymous_7)","decl":{"start":{"line":44,"column":2},"end":{"line":44,"column":3}},"loc":{"start":{"line":44,"column":24},"end":{"line":53,"column":3}},"line":44},"8":{"name":"(anonymous_8)","decl":{"start":{"line":55,"column":2},"end":{"line":55,"column":3}},"loc":{"start":{"line":55,"column":12},"end":{"line":57,"column":3}},"line":55},"9":{"name":"(anonymous_9)","decl":{"start":{"line":59,"column":2},"end":{"line":59,"column":3}},"loc":{"start":{"line":59,"column":12},"end":{"line":61,"column":3}},"line":59},"10":{"name":"(anonymous_10)","decl":{"start":{"line":63,"column":2},"end":{"line":63,"column":3}},"loc":{"start":{"line":63,"column":12},"end":{"line":65,"column":3}},"line":63},"11":{"name":"(anonymous_11)","decl":{"start":{"line":69,"column":2},"end":{"line":69,"column":3}},"loc":{"start":{"line":69,"column":24},"end":{"line":71,"column":3}},"line":69},"12":{"name":"(anonymous_12)","decl":{"start":{"line":73,"column":2},"end":{"line":73,"column":3}},"loc":{"start":{"line":73,"column":28},"end":{"line":75,"column":3}},"line":73},"13":{"name":"(anonymous_13)","decl":{"start":{"line":77,"column":2},"end":{"line":77,"column":3}},"loc":{"start":{"line":77,"column":21},"end":{"line":79,"column":3}},"line":77},"14":{"name":"(anonymous_14)","decl":{"start":{"line":81,"column":2},"end":{"line":81,"column":3}},"loc":{"start":{"line":81,"column":31},"end":{"line":83,"column":3}},"line":81},"15":{"name":"(anonymous_15)","decl":{"start":{"line":85,"column":2},"end":{"line":85,"column":3}},"loc":{"start":{"line":85,"column":12},"end":{"line":87,"column":3}},"line":85},"16":{"name":"(anonymous_16)","decl":{"start":{"line":91,"column":2},"end":{"line":91,"column":3}},"loc":{"start":{"line":91,"column":12},"end":{"line":93,"column":3}},"line":91},"17":{"name":"(anonymous_17)","decl":{"start":{"line":97,"column":2},"end":{"line":97,"column":3}},"loc":{"start":{"line":97,"column":17},"end":{"line":99,"column":3}},"line":97},"18":{"name":"(anonymous_18)","decl":{"start":{"line":101,"column":2},"end":{"line":101,"column":3}},"loc":{"start":{"line":101,"column":12},"end":{"line":103,"column":3}},"line":101},"19":{"name":"(anonymous_19)","decl":{"start":{"line":105,"column":2},"end":{"line":105,"column":3}},"loc":{"start":{"line":105,"column":12},"end":{"line":107,"column":3}},"line":105}},"branchMap":{"0":{"loc":{"start":{"line":16,"column":11},"end":{"line":16,"column":41}},"type":"binary-expr","locations":[{"start":{"line":16,"column":11},"end":{"line":16,"column":33}},{"start":{"line":16,"column":37},"end":{"line":16,"column":41}}],"line":16},"1":{"loc":{"start":{"line":20,"column":4},"end":{"line":22,"column":5}},"type":"if","locations":[{"start":{"line":20,"column":4},"end":{"line":22,"column":5}},{"start":{"line":20,"column":4},"end":{"line":22,"column":5}}],"line":20},"2":{"loc":{"start":{"line":38,"column":6},"end":{"line":38,"column":63}},"type":"if","locations":[{"start":{"line":38,"column":6},"end":{"line":38,"column":63}},{"start":{"line":38,"column":6},"end":{"line":38,"column":63}}],"line":38},"3":{"loc":{"start":{"line":45,"column":4},"end":{"line":45,"column":26}},"type":"if","locations":[{"start":{"line":45,"column":4},"end":{"line":45,"column":26}},{"start":{"line":45,"column":4},"end":{"line":45,"column":26}}],"line":45},"4":{"loc":{"start":{"line":47,"column":4},"end":{"line":50,"column":5}},"type":"if","locations":[{"start":{"line":47,"column":4},"end":{"line":50,"column":5}},{"start":{"line":47,"column":4},"end":{"line":50,"column":5}}],"line":47}},"s":{"0":20,"1":20,"2":5,"3":3,"4":22,"5":4,"6":1,"7":3,"8":15,"9":2,"10":2,"11":2,"12":2,"13":2,"14":2,"15":1,"16":1,"17":16,"18":1,"19":15,"20":9,"21":9,"22":6,"23":1,"24":1,"25":1,"26":1,"27":1,"28":1,"29":1,"30":1,"31":1,"32":2,"33":1,"34":1},"f":{"0":20,"1":5,"2":3,"3":22,"4":4,"5":15,"6":2,"7":16,"8":1,"9":1,"10":1,"11":1,"12":1,"13":1,"14":1,"15":1,"16":1,"17":2,"18":1,"19":1},"b":{"0":[22,10],"1":[1,3],"2":[1,1],"3":[1,15],"4":[9,6]},"_coverageSchema":"1a1c01bbd47fc00a2c39e90264f33305004495a9","hash":"16baf0cde86218b978f32b342f8e1ce7e0b01ade"}
,"G:\\code_paradise\\git\\trie\\src\\trie.js": {"path":"G:\\code_paradise\\git\\trie\\src\\trie.js","statementMap":{"0":{"start":{"line":6,"column":26},"end":{"line":6,"column":55}},"1":{"start":{"line":8,"column":23},"end":{"line":12,"column":1}},"2":{"start":{"line":9,"column":2},"end":{"line":11,"column":3}},"3":{"start":{"line":10,"column":4},"end":{"line":10,"column":27}},"4":{"start":{"line":16,"column":4},"end":{"line":16,"column":23}},"5":{"start":{"line":18,"column":4},"end":{"line":18,"column":24}},"6":{"start":{"line":19,"column":4},"end":{"line":19,"column":30}},"7":{"start":{"line":22,"column":4},"end":{"line":27,"column":6}},"8":{"start":{"line":32,"column":4},"end":{"line":34,"column":5}},"9":{"start":{"line":33,"column":6},"end":{"line":33,"column":35}},"10":{"start":{"line":36,"column":4},"end":{"line":36,"column":24}},"11":{"start":{"line":46,"column":4},"end":{"line":53,"column":5}},"12":{"start":{"line":47,"column":6},"end":{"line":47,"column":49}},"13":{"start":{"line":47,"column":34},"end":{"line":47,"column":49}},"14":{"start":{"line":49,"column":23},"end":{"line":49,"column":47}},"15":{"start":{"line":50,"column":6},"end":{"line":52,"column":7}},"16":{"start":{"line":51,"column":8},"end":{"line":51,"column":59}},"17":{"start":{"line":51,"column":35},"end":{"line":51,"column":48}},"18":{"start":{"line":55,"column":4},"end":{"line":55,"column":15}},"19":{"start":{"line":59,"column":4},"end":{"line":59,"column":24}},"20":{"start":{"line":60,"column":4},"end":{"line":60,"column":30}},"21":{"start":{"line":67,"column":16},"end":{"line":67,"column":24}},"22":{"start":{"line":68,"column":17},"end":{"line":68,"column":27}},"23":{"start":{"line":70,"column":18},"end":{"line":70,"column":28}},"24":{"start":{"line":72,"column":4},"end":{"line":85,"column":5}},"25":{"start":{"line":74,"column":18},"end":{"line":74,"column":45}},"26":{"start":{"line":75,"column":18},"end":{"line":75,"column":28}},"27":{"start":{"line":77,"column":14},"end":{"line":77,"column":16}},"28":{"start":{"line":78,"column":17},"end":{"line":78,"column":21}},"29":{"start":{"line":80,"column":6},"end":{"line":84,"column":7}},"30":{"start":{"line":81,"column":21},"end":{"line":81,"column":27}},"31":{"start":{"line":82,"column":8},"end":{"line":82,"column":54}},"32":{"start":{"line":83,"column":8},"end":{"line":83,"column":43}},"33":{"start":{"line":87,"column":4},"end":{"line":87,"column":15}},"34":{"start":{"line":91,"column":16},"end":{"line":91,"column":30}},"35":{"start":{"line":92,"column":4},"end":{"line":97,"column":5}},"36":{"start":{"line":93,"column":19},"end":{"line":93,"column":32}},"37":{"start":{"line":94,"column":6},"end":{"line":94,"column":37}},"38":{"start":{"line":96,"column":6},"end":{"line":96,"column":28}}},"fnMap":{"0":{"name":"(anonymous_0)","decl":{"start":{"line":8,"column":23},"end":{"line":8,"column":24}},"loc":{"start":{"line":8,"column":30},"end":{"line":12,"column":1}},"line":8},"1":{"name":"(anonymous_1)","decl":{"start":{"line":15,"column":2},"end":{"line":15,"column":3}},"loc":{"start":{"line":15,"column":20},"end":{"line":28,"column":3}},"line":15},"2":{"name":"(anonymous_2)","decl":{"start":{"line":30,"column":2},"end":{"line":30,"column":3}},"loc":{"start":{"line":30,"column":13},"end":{"line":37,"column":3}},"line":30},"3":{"name":"(anonymous_3)","decl":{"start":{"line":44,"column":2},"end":{"line":44,"column":3}},"loc":{"start":{"line":44,"column":24},"end":{"line":56,"column":3}},"line":44},"4":{"name":"(anonymous_4)","decl":{"start":{"line":51,"column":28},"end":{"line":51,"column":29}},"loc":{"start":{"line":51,"column":35},"end":{"line":51,"column":48}},"line":51},"5":{"name":"(anonymous_5)","decl":{"start":{"line":58,"column":2},"end":{"line":58,"column":3}},"loc":{"start":{"line":58,"column":11},"end":{"line":61,"column":3}},"line":58},"6":{"name":"(anonymous_6)","decl":{"start":{"line":66,"column":2},"end":{"line":66,"column":3}},"loc":{"start":{"line":66,"column":12},"end":{"line":88,"column":3}},"line":66},"7":{"name":"(anonymous_7)","decl":{"start":{"line":90,"column":2},"end":{"line":90,"column":3}},"loc":{"start":{"line":90,"column":32},"end":{"line":98,"column":3}},"line":90}},"branchMap":{"0":{"loc":{"start":{"line":9,"column":2},"end":{"line":11,"column":3}},"type":"if","locations":[{"start":{"line":9,"column":2},"end":{"line":11,"column":3}},{"start":{"line":9,"column":2},"end":{"line":11,"column":3}}],"line":9},"1":{"loc":{"start":{"line":9,"column":6},"end":{"line":9,"column":45}},"type":"binary-expr","locations":[{"start":{"line":9,"column":6},"end":{"line":9,"column":25}},{"start":{"line":9,"column":29},"end":{"line":9,"column":45}}],"line":9},"2":{"loc":{"start":{"line":32,"column":4},"end":{"line":34,"column":5}},"type":"if","locations":[{"start":{"line":32,"column":4},"end":{"line":34,"column":5}},{"start":{"line":32,"column":4},"end":{"line":34,"column":5}}],"line":32},"3":{"loc":{"start":{"line":46,"column":4},"end":{"line":53,"column":5}},"type":"if","locations":[{"start":{"line":46,"column":4},"end":{"line":53,"column":5}},{"start":{"line":46,"column":4},"end":{"line":53,"column":5}}],"line":46},"4":{"loc":{"start":{"line":47,"column":6},"end":{"line":47,"column":49}},"type":"if","locations":[{"start":{"line":47,"column":6},"end":{"line":47,"column":49}},{"start":{"line":47,"column":6},"end":{"line":47,"column":49}}],"line":47},"5":{"loc":{"start":{"line":50,"column":6},"end":{"line":52,"column":7}},"type":"if","locations":[{"start":{"line":50,"column":6},"end":{"line":52,"column":7}},{"start":{"line":50,"column":6},"end":{"line":52,"column":7}}],"line":50},"6":{"loc":{"start":{"line":92,"column":4},"end":{"line":97,"column":5}},"type":"if","locations":[{"start":{"line":92,"column":4},"end":{"line":97,"column":5}},{"start":{"line":92,"column":4},"end":{"line":97,"column":5}}],"line":92}},"s":{"0":1,"1":1,"2":4,"3":3,"4":4,"5":1,"6":1,"7":1,"8":2,"9":1,"10":2,"11":4,"12":3,"13":1,"14":2,"15":2,"16":1,"17":3,"18":2,"19":1,"20":1,"21":1,"22":1,"23":1,"24":1,"25":5,"26":5,"27":5,"28":5,"29":5,"30":13,"31":13,"32":13,"33":1,"34":13,"35":13,"36":5,"37":5,"38":8},"f":{"0":4,"1":4,"2":2,"3":4,"4":3,"5":1,"6":1,"7":13},"b":{"0":[3,1],"1":[4,1],"2":[1,1],"3":[3,1],"4":[1,2],"5":[1,1],"6":[5,8]},"_coverageSchema":"1a1c01bbd47fc00a2c39e90264f33305004495a9","hash":"e04e2663dd72e1bdbcedad341153a8edf43f21c9"}
}
