TN:
SF:src\tree.js
FN:2,(anonymous_0)
FN:7,(anonymous_1)
FN:11,(anonymous_2)
FN:15,(anonymous_3)
FN:19,(anonymous_4)
FN:27,(anonymous_5)
FN:31,(anonymous_6)
FN:44,(anonymous_7)
FN:55,(anonymous_8)
FN:59,(anonymous_9)
FN:63,(anonymous_10)
FN:69,(anonymous_11)
FN:73,(anonymous_12)
FN:77,(anonymous_13)
FN:81,(anonymous_14)
FN:85,(anonymous_15)
FN:91,(anonymous_16)
FN:97,(anonymous_17)
FN:101,(anonymous_18)
FN:105,(anonymous_19)
FNF:20
FNH:20
FNDA:20,(anonymous_0)
FNDA:5,(anonymous_1)
FNDA:3,(anonymous_2)
FNDA:22,(anonymous_3)
FNDA:4,(anonymous_4)
FNDA:15,(anonymous_5)
FNDA:2,(anonymous_6)
FNDA:16,(anonymous_7)
FNDA:1,(anonymous_8)
FNDA:1,(anonymous_9)
FNDA:1,(anonymous_10)
FNDA:1,(anonymous_11)
FNDA:1,(anonymous_12)
FNDA:1,(anonymous_13)
FNDA:1,(anonymous_14)
FNDA:1,(anonymous_15)
FNDA:1,(anonymous_16)
FNDA:2,(anonymous_17)
FNDA:1,(anonymous_18)
FNDA:1,(anonymous_19)
DA:3,20
DA:4,20
DA:8,5
DA:12,3
DA:16,22
DA:20,4
DA:21,1
DA:24,3
DA:28,15
DA:32,2
DA:33,2
DA:35,2
DA:36,2
DA:37,2
DA:38,2
DA:41,1
DA:45,16
DA:47,15
DA:48,9
DA:49,9
DA:52,6
DA:56,1
DA:60,1
DA:64,1
DA:70,1
DA:74,1
DA:78,1
DA:82,1
DA:86,1
DA:92,1
DA:98,2
DA:102,1
DA:106,1
LF:33
LH:33
BRDA:16,0,0,22
BRDA:16,0,1,10
BRDA:20,1,0,1
BRDA:20,1,1,3
BRDA:38,2,0,1
BRDA:38,2,1,1
BRDA:45,3,0,1
BRDA:45,3,1,15
BRDA:47,4,0,9
BRDA:47,4,1,6
BRF:10
BRH:10
end_of_record
TN:
SF:src\trie.js
FN:8,(anonymous_0)
FN:15,(anonymous_1)
FN:30,(anonymous_2)
FN:44,(anonymous_3)
FN:51,(anonymous_4)
FN:58,(anonymous_5)
FN:66,(anonymous_6)
FN:90,(anonymous_7)
FNF:8
FNH:8
FNDA:4,(anonymous_0)
FNDA:4,(anonymous_1)
FNDA:2,(anonymous_2)
FNDA:4,(anonymous_3)
FNDA:3,(anonymous_4)
FNDA:1,(anonymous_5)
FNDA:1,(anonymous_6)
FNDA:13,(anonymous_7)
DA:6,1
DA:8,1
DA:9,4
DA:10,3
DA:16,4
DA:18,1
DA:19,1
DA:22,1
DA:32,2
DA:33,1
DA:36,2
DA:46,4
DA:47,3
DA:49,2
DA:50,2
DA:51,3
DA:55,2
DA:59,1
DA:60,1
DA:67,1
DA:68,1
DA:70,1
DA:72,1
DA:74,5
DA:75,5
DA:77,5
DA:78,5
DA:80,5
DA:81,13
DA:82,13
DA:83,13
DA:87,1
DA:91,13
DA:92,13
DA:93,5
DA:94,5
DA:96,8
LF:37
LH:37
BRDA:9,0,0,3
BRDA:9,0,1,1
BRDA:9,1,0,4
BRDA:9,1,1,1
BRDA:32,2,0,1
BRDA:32,2,1,1
BRDA:46,3,0,3
BRDA:46,3,1,1
BRDA:47,4,0,1
BRDA:47,4,1,2
BRDA:50,5,0,1
BRDA:50,5,1,1
BRDA:92,6,0,5
BRDA:92,6,1,8
BRF:14
BRH:14
end_of_record
